<?xml version="1.0" encoding="UTF-8"?>
<!-- Generated by org.testng.reporters.JUnitXMLReporter -->
<testsuite ignored="0" hostname="DESKTOP-7LUH7AU" failures="0" tests="3" name="Default test" time="22.769" errors="0" timestamp="2024-02-22T19:07:31 EST">
  <testcase classname="com.ws.tests.LogInPageTest" name="testForgotPasswordLink" time="7.715"/>
  <testcase classname="com.ws.tests.LogInPageTest" name="testHomePageTitle" time="5.625"/>
  <testcase classname="com.ws.tests.LogInPageTest" name="testLoginFucntion" time="9.298"/>
</testsuite> <!-- Default test -->
