<?xml version="1.0" encoding="UTF-8"?>
<!-- Generated by org.testng.reporters.JUnitXMLReporter -->
<testsuite ignored="3" hostname="DESKTOP-7LUH7AU" failures="0" tests="1" name="Default test" time="8.986" errors="0" timestamp="2024-03-01T00:11:45 EST">
  <testcase classname="com.ws.tests.LogInPageTest" name="testinvalidemailid" time="1.225"/>
  <testcase classname="com.ws.tests.LogInPageTest" name="testForgotPasswordLink" time="0.0">
    <ignored/>
  </testcase> <!-- testForgotPasswordLink -->
  <testcase classname="com.ws.tests.LogInPageTest" name="testHomePageTitle" time="0.0">
    <ignored/>
  </testcase> <!-- testHomePageTitle -->
  <testcase classname="com.ws.tests.LogInPageTest" name="testLoginFucntion" time="0.0">
    <ignored/>
  </testcase> <!-- testLoginFucntion -->
</testsuite> <!-- Default test -->
