<?xml version="1.0" encoding="UTF-8"?>
<testng-results ignored="3" total="4" passed="1" failed="0" skipped="0">
  <reporter-output>
  </reporter-output>
  <suite started-at="2024-03-01T00:11:36 EST" name="Default suite" finished-at="2024-03-01T00:11:45 EST" duration-ms="8986">
    <groups>
    </groups>
    <test started-at="2024-03-01T00:11:36 EST" name="Default test" finished-at="2024-03-01T00:11:45 EST" duration-ms="8986">
      <class name="com.ws.tests.LogInPageTest">
        <test-method is-config="true" signature="setUpReport()[pri:0, instance:com.ws.tests.LogInPageTest@710c2b53]" started-at="2024-03-01T00:11:35 EST" name="setUpReport" finished-at="2024-03-01T00:11:36 EST" duration-ms="313" status="PASS">
          <reporter-output>
          </reporter-output>
        </test-method> <!-- setUpReport -->
        <test-method is-config="true" signature="setup()[pri:0, instance:com.ws.tests.LogInPageTest@710c2b53]" started-at="2024-03-01T00:11:36 EST" name="setup" finished-at="2024-03-01T00:11:42 EST" duration-ms="6522" status="PASS">
          <reporter-output>
          </reporter-output>
        </test-method> <!-- setup -->
        <test-method signature="testinvalidemailid()[pri:0, instance:com.ws.tests.LogInPageTest@710c2b53]" started-at="2024-03-01T00:11:42 EST" name="testinvalidemailid" finished-at="2024-03-01T00:11:43 EST" duration-ms="1225" status="PASS">
          <reporter-output>
          </reporter-output>
        </test-method> <!-- testinvalidemailid -->
        <test-method is-config="true" signature="teardown(org.testng.ITestResult)[pri:0, instance:com.ws.tests.LogInPageTest@710c2b53]" started-at="2024-03-01T00:11:43 EST" name="teardown" finished-at="2024-03-01T00:11:45 EST" duration-ms="1161" status="PASS">
          <params>
            <param index="0">
              <value>
                <![CDATA[[TestResult name=testinvalidemailid status=SUCCESS method=LogInPageTest.testinvalidemailid()[pri:0, instance:com.ws.tests.LogInPageTest@710c2b53] output={null}]]]>
              </value>
            </param>
          </params>
          <reporter-output>
          </reporter-output>
        </test-method> <!-- teardown -->
      </class> <!-- com.ws.tests.LogInPageTest -->
    </test> <!-- Default test -->
  </suite> <!-- Default suite -->
</testng-results>
